Diagnose log at 2024-06-02T06:19:18Z

AppPath: C:\Program Files\Git\mingw64\bin\git-credential-manager.exe
InstallDir: C:\Program Files\Git\mingw64\bin\
Version: 2.5.0+d34930736e131ad80e5690e5634ced1808aff3e2

------------
Diagnostic: Environment
Skipped: False
Success: True
Exception: None
Log:
OSType: Windows
OSVersion: 10.0 (build 22631)
Reading environment variables... OK
 Variables:
EFC_18648=1
DriverData=C:\Windows\System32\Drivers\DriverData
COMPUTERNAME=LAPPY-1119
MSYSTEM=MINGW64
CommonProgramFiles(x86)=C:\Program Files (x86)\Common Files
OneDrive=C:\Users\Krrish\OneDrive - Padmabhushan Vasantdada Patil Pratishthan'S College Of Engineering
HOMEPATH=\Users\Krrish
ProgramFiles(x86)=C:\Program Files (x86)
CONFIG_SITE=C:/Program Files/Git/etc/config.site
LC_CTYPE=en_US.UTF-8
USERDOMAIN=LAPPY-1119
PATHEXT=.COM;.EXE;.BAT;.CMD;.VBS;.VBE;.JS;.JSE;.WSF;.WSH;.MSC
ORIGINAL_TEMP=C:/Users/Krrish/AppData/Local/Temp
USERNAME=Krrish
MINGW_PREFIX=C:/Program Files/Git/mingw64
GIT_EXEC_PATH=C:/Program Files/Git/mingw64/libexec/git-core
ACLOCAL_PATH=C:\Program Files\Git\mingw64\share\aclocal;C:\Program Files\Git\usr\share\aclocal
TEMP=C:\Users\Krrish\AppData\Local\Temp
LOCALAPPDATA=C:\Users\Krrish\AppData\Local
MANPATH=C:\Program Files\Git\mingw64\local\man;C:\Program Files\Git\mingw64\share\man;C:\Program Files\Git\usr\local\man;C:\Program Files\Git\usr\share\man;C:\Program Files\Git\usr\man;C:\Program Files\Git\share\man
TERM=xterm
PROCESSOR_IDENTIFIER=Intel64 Family 6 Model 151 Stepping 2, GenuineIntel
MSYSTEM_CARCH=x86_64
PROGRAMFILES=C:\Program Files (x86)
ProgramData=C:\ProgramData
TERM_PROGRAM_VERSION=3.7.1
ORIGINAL_TMP=C:/Users/Krrish/AppData/Local/Temp
PROCESSOR_REVISION=9702
SYSTEMROOT=C:\Windows
TERM_PROGRAM=mintty
PROCESSOR_LEVEL=6
NUMBER_OF_PROCESSORS=12
SSH_ASKPASS=C:/Program Files/Git/mingw64/bin/git-askpass.exe
SHLVL=1
APPDATA=C:\Users\Krrish\AppData\Roaming
SYSTEMDRIVE=C:
PSModulePath=C:\Program Files\WindowsPowerShell\Modules;C:\Windows\system32\WindowsPowerShell\v1.0\Modules
PUBLIC=C:\Users\Public
FPS_BROWSER_USER_PROFILE_STRING=Default
PKG_CONFIG_PATH=C:\Program Files\Git\mingw64\lib\pkgconfig;C:\Program Files\Git\mingw64\share\pkgconfig
TMPDIR=C:\Users\Krrish\AppData\Local\Temp
MSYSTEM_CHOST=x86_64-w64-mingw32
IGCCSVC_DB=AQAAANCMnd8BFdERjHoAwE/Cl+sBAAAArm6sXl1FM0itchTgfZubzwQAAAACAAAAAAAQZgAAAAEAACAAAACADjs1UqrPqr4F3C93GZVy87XgXODohEVsXg1AojUmZQAAAAAOgAAAAAIAACAAAACPV5m7aqH+OnYESRrN+JE39yZ8mOzM63i88zEYNJaYRGAAAACWoqYB3wUeXV/qCV8OL95blu7zsaVPLrcjKBOhhr+0RsG/jr7yvXF89pFvXw1i61GfIZy7yfdAt+8Bs/32+TZFp8sII1SVu27EPFTX/vHmLTL2cf6O00VoXtDxUGxRjeJAAAAAyL3P0BkMcNH3oyTxL5JouplM8kuDGwKJ3bRZ3kERNhFwgMPCjoArGohfvbVTCG0oj6jovOB3pcCqxE+2ccfoFw==
PLINK_PROTOCOL=ssh
INFOPATH=C:\Program Files\Git\mingw64\local\info;C:\Program Files\Git\mingw64\share\info;C:\Program Files\Git\usr\local\info;C:\Program Files\Git\usr\share\info;C:\Program Files\Git\usr\info;C:\Program Files\Git\share\info
MSYS=disable_pcon
PATH=C:/Program Files/Git/mingw64/libexec/git-core;C:\Users\Krrish\bin;C:\Program Files\Git\mingw64\bin;C:\Program Files\Git\usr\local\bin;C:\Program Files\Git\usr\bin;C:\Program Files\Git\usr\bin;C:\Program Files\Git\mingw64\bin;C:\Program Files\Git\usr\bin;C:\Users\Krrish\bin;C:\Program Files\Common Files\Oracle\Java\javapath;C:\Program Files (x86)\Common Files\Oracle\Java\java8path;C:\Program Files (x86)\Common Files\Oracle\Java\javapath;C:\Windows\system32;C:\Windows;C:\Windows\System32\Wbem;C:\Windows\System32\WindowsPowerShell\v1.0;C:\Windows\System32\OpenSSH;C:\Program Files (x86)\NVIDIA Corporation\PhysX\Common;C:\Program Files\NVIDIA Corporation\NVIDIA NvDLISR;C:\Program Files\dotnet;C:\Program Files (x86)\Windows Kits\10\Windows Performance Toolkit;C:\Program Files\Docker\Docker\resources\bin;C:\minikube;C:\Program Files\Git\cmd;C:\Program Files (x86);C:\Users\Krrish\AppData\Local\Programs\Python\Python312;C:\Program Files\MySQL\MySQL Shell 8.0\bin;C:\Windows\system32\config\systemprofile\AppData\Local\Microsoft\WindowsApps;C:\Program Files\JetBrains\IntelliJ IDEA Community Edition 2023.3.6\bin;C:\Users\Krrish\AppData\Local\Programs\Microsoft VS Code\bin;C:\Program Files\Java\jdk-22\bin;C:\Program Files\Lens\resources\cli\bin;C:\Windows\system32\config\systemprofile\AppData\Local\Microsoft\WindowsApps;C:\Users\Krrish\AppData\Local\Programs\Lens\resources\cli\bin;C:\Program Files\Git\usr\bin\vendor_perl;C:\Program Files\Git\usr\bin\core_perl
MINGW_CHOST=x86_64-w64-mingw32
GIT_TRACE2_PARENT_SID=e9d22472-6c27-4398-9254-f6f66d0af278
FPS_BROWSER_APP_PROFILE_STRING=Internet Explorer
PKG_CONFIG_SYSTEM_LIBRARY_PATH=C:/Program Files/Git/mingw64/lib
IntelliJ IDEA Community Edition=C:\Program Files\JetBrains\IntelliJ IDEA Community Edition 2023.3.6\bin;
TMP=C:\Users\Krrish\AppData\Local\Temp
SHELL=C:\Program Files\Git\usr\bin\bash.exe
HOME=C:\Users\Krrish
COMSPEC=C:\Windows\system32\cmd.exe
ZES_ENABLE_SYSMAN=1
LOGONSERVER=\\LAPPY-1119
USERPROFILE=C:\Users\Krrish
DISPLAY=needs-to-be-defined
COMMONPROGRAMFILES=C:\Program Files (x86)\Common Files
WINDIR=C:\Windows
USERDOMAIN_ROAMINGPROFILE=LAPPY-1119
CommonProgramW6432=C:\Program Files\Common Files
HOMEDRIVE=C:
MSYSTEM_PREFIX=C:/Program Files/Git/mingw64
OneDriveCommercial=C:\Users\Krrish\OneDrive - Padmabhushan Vasantdada Patil Pratishthan'S College Of Engineering
MINGW_PACKAGE_PREFIX=mingw-w64-x86_64
SESSIONNAME=Console
PWD=/c/Users/Krrish/OneDrive - Padmabhushan Vasantdada Patil Pratishthan'S College Of Engineering/Desktop/Projects
EXEPATH=C:\Program Files\Git
HOSTNAME=LAPPY-1119
PROCESSOR_ARCHITEW6432=AMD64
ORIGINAL_PATH=C:\Program Files\Git\mingw64\bin;C:\Program Files\Git\usr\bin;C:\Users\Krrish\bin;C:\Program Files\Common Files\Oracle\Java\javapath;C:\Program Files (x86)\Common Files\Oracle\Java\java8path;C:\Program Files (x86)\Common Files\Oracle\Java\javapath;C:\Windows\system32;C:\Windows;C:\Windows\System32\Wbem;C:\Windows\System32\WindowsPowerShell\v1.0;C:\Windows\System32\OpenSSH;C:\Program Files (x86)\NVIDIA Corporation\PhysX\Common;C:\Program Files\NVIDIA Corporation\NVIDIA NvDLISR;C:\Program Files\dotnet;C:\Program Files (x86)\Windows Kits\10\Windows Performance Toolkit;C:\Program Files\Docker\Docker\resources\bin;C:\minikube;C:\Program Files\Git\cmd;C:\Program Files (x86);C:\Users\Krrish\AppData\Local\Programs\Python\Python312;C:\Program Files\MySQL\MySQL Shell 8.0\bin;C:\Windows\system32\config\systemprofile\AppData\Local\Microsoft\WindowsApps;C:\Program Files\JetBrains\IntelliJ IDEA Community Edition 2023.3.6\bin;C:\Users\Krrish\AppData\Local\Programs\Microsoft VS Code\bin;C:\Program Files\Java\jdk-22\bin;C:\Program Files\Lens\resources\cli\bin;C:\Windows\system32\config\systemprofile\AppData\Local\Microsoft\WindowsApps;C:\Users\Krrish\AppData\Local\Programs\Lens\resources\cli\bin
PROCESSOR_ARCHITECTURE=x86
PS1=\[\033]0;$TITLEPREFIX:$PWD\007\]\n\[\033[32m\]\u@\h \[\033[35m\]$MSYSTEM \[\033[33m\]\w\[\033[36m\]`__git_ps1`\[\033[0m\]\n$ 
OS=Windows_NT
ProgramW6432=C:\Program Files
PKG_CONFIG_SYSTEM_INCLUDE_PATH=C:/Program Files/Git/mingw64/include
_=C:/Program Files/Git/mingw64/bin/git
ALLUSERSPROFILE=C:\ProgramData


------------
Diagnostic: File system
Skipped: False
Success: True
Exception: None
Log:
Temporary directory is 'C:\Users\Krrish\AppData\Local\Temp\'...
Checking basic file I/O...
Writing to temporary file 'C:\Users\Krrish\AppData\Local\Temp\f3a04ae89b0110754ef1f6a2'... OK
Reading from temporary file 'C:\Users\Krrish\AppData\Local\Temp\f3a04ae89b0110754ef1f6a2'... OK
Deleting temporary file 'C:\Users\Krrish\AppData\Local\Temp\f3a04ae89b0110754ef1f6a2'... OK
Testing IFileSystem instance...
UserHomePath: C:\Users\Krrish
UserDataDirectoryPath: C:\Users\Krrish\.gcm
GetCurrentDirectory(): C:\Users\Krrish\OneDrive - Padmabhushan Vasantdada Patil Pratishthan'S College Of Engineering\Desktop\Projects

------------
Diagnostic: Networking
Skipped: False
Success: True
Exception: None
Log:
Checking networking and HTTP stack...
Creating HTTP client... OK
IsNetworkAvailable: True
Sending HEAD request to http://example.com...Sending HEAD request to https://example.com... OK
 OK
Acquiring free TCP port... OK
Testing local HTTP loopback connections...
Creating new HTTP listener for http://localhost:64174/... OK
Waiting for loopback connection... OK
Writing response... OK
Waiting for response data... OK
Loopback connection data OK

------------
Diagnostic: Git
Skipped: False
Success: True
Exception: None
Log:
Getting Git version... OK
Git version is '2.45.1.windows.1'
Locating current repository...Git repository at 'C:/Users/Krrish/OneDrive - Padmabhushan Vasantdada Patil Pratishthan'S College Of Engineering/Desktop/Projects/.git'
 OK
Listing all Git configuration... OK
Git configuration:
file:C:/Program Files/Git/etc/gitconfig	diff.astextplain.textconv=astextplain
file:C:/Program Files/Git/etc/gitconfig	filter.lfs.clean=git-lfs clean -- %f
file:C:/Program Files/Git/etc/gitconfig	filter.lfs.smudge=git-lfs smudge -- %f
file:C:/Program Files/Git/etc/gitconfig	filter.lfs.process=git-lfs filter-process
file:C:/Program Files/Git/etc/gitconfig	filter.lfs.required=true
file:C:/Program Files/Git/etc/gitconfig	http.sslbackend=openssl
file:C:/Program Files/Git/etc/gitconfig	http.sslcainfo=C:/Program Files/Git/mingw64/etc/ssl/certs/ca-bundle.crt
file:C:/Program Files/Git/etc/gitconfig	core.autocrlf=true
file:C:/Program Files/Git/etc/gitconfig	core.fscache=true
file:C:/Program Files/Git/etc/gitconfig	core.symlinks=false
file:C:/Program Files/Git/etc/gitconfig	pull.rebase=false
file:C:/Program Files/Git/etc/gitconfig	credential.helper=manager
file:C:/Program Files/Git/etc/gitconfig	credential.https://dev.azure.com.usehttppath=true
file:C:/Program Files/Git/etc/gitconfig	init.defaultbranch=master
file:C:/Users/Krrish/.gitconfig	user.email=krrishmahar5@gmail.com
file:C:/Users/Krrish/.gitconfig	user.name=Krrish
file:C:/Users/Krrish/.gitconfig	credential.helper=
file:C:/Users/Krrish/.gitconfig	credential.helper=C:/Program\ Files/Git/mingw64/bin/git-credential-manager.exe
file:.git/config	core.repositoryformatversion=0
file:.git/config	core.filemode=false
file:.git/config	core.bare=false
file:.git/config	core.logallrefupdates=true
file:.git/config	core.symlinks=false
file:.git/config	core.ignorecase=true
file:.git/config	remote.origin.url=https://github.com/Kyris11/Group-Projects.inc.git
file:.git/config	remote.origin.fetch=+refs/heads/*:refs/remotes/origin/*
file:.git/config	gui.wmstate=normal
file:.git/config	gui.geometry=1109x563+224+224 216 255


------------
Diagnostic: Credential storage
Skipped: False
Success: True
Exception: None
Log:
ICredentialStore instance is of type: CredentialStore
Writing test credential... OK
Reading test credential... OK
Deleting test credential... OK

------------
Diagnostic: Microsoft authentication (AAD/MSA)
Skipped: False
Success: True
Exception: None
Log:
Broker is not enabled.
Flow type is: Auto
Gathering MSAL token cache data... OK
CacheDirectory: C:\Users\Krrish\AppData\Local\.IdentityService
CacheFileName: msal.cache
CacheFilePath: C:\Users\Krrish\AppData\Local\.IdentityService\msal.cache
Creating cache helper... OK
Verifying MSAL token cache persistence... OK

------------
Diagnostic: GitHub API
Skipped: False
Success: True
Exception: None
Log:
Using 'https://github.com/' as API target.
Querying '/meta' endpoint... OK

